<?xml version="1.0" encoding="UTF-8" ?>
<testsuite tests="8" failures="0" name="imburseTest.RunTest" time="7.143" errors="0" skipped="0">
  <properties>
[...]
</properties>
  <testcase classname="Create Instruction" name="Instruction reference longer than 50 chars" time="0.864"/>
  <testcase classname="Create Instruction" name="Instruction reference has invalid chars" time="0.725"/>
  <testcase classname="Create Instruction" name="Instruction reference is empty" time="0.334"/>
  <testcase classname="Create Instruction" name="Instruction has invalid chars" time="2.94"/>
  <testcase classname="Create Instruction" name="amount has an invalid format" time="0.427"/>
  <testcase classname="Create Instruction" name="currency has an invalid format" time="0.373"/>
  <testcase classname="Create Instruction" name="country code is in an invalid format" time="1.194"/>
  <testcase classname="Create Instruction" name="directon is in an invalid format" time="0.286"/>
</testsuite>